<?xml version="1.0" encoding="UTF-8"?>
<testng-results skipped="0" failed="0" ignored="0" total="2" passed="2">
  <reporter-output>
  </reporter-output>
  <suite name="Default suite" duration-ms="50597" started-at="2020-02-05T11:20:19Z" finished-at="2020-02-05T11:21:09Z">
    <groups>
    </groups>
    <test name="Default test" duration-ms="50597" started-at="2020-02-05T11:20:19Z" finished-at="2020-02-05T11:21:09Z">
      <class name="org.cts.dataprovider.Sample">
        <test-method status="PASS" signature="launchbrowser()[pri:0, instance:org.cts.dataprovider.Sample@16d4b5c]" name="launchbrowser" is-config="true" duration-ms="3616" started-at="2020-02-05T11:20:19Z" finished-at="2020-02-05T11:20:22Z">
          <reporter-output>
          </reporter-output>
        </test-method> <!-- launchbrowser -->
        <test-method status="PASS" signature="startTime()[pri:0, instance:org.cts.dataprovider.Sample@16d4b5c]" name="startTime" is-config="true" duration-ms="6" started-at="2020-02-05T11:20:22Z" finished-at="2020-02-05T11:20:22Z">
          <reporter-output>
          </reporter-output>
        </test-method> <!-- startTime -->
        <test-method status="PASS" signature="testCase1(java.lang.String, java.lang.String, java.lang.String, java.lang.String)[pri:0, instance:org.cts.dataprovider.Sample@16d4b5c]" name="testCase1" duration-ms="29518" started-at="2020-02-05T11:20:22Z" data-provider="Anand" finished-at="2020-02-05T11:20:52Z">
          <params>
            <param index="0">
              <value>
                <![CDATA[anand]]>
              </value>
            </param>
            <param index="1">
              <value>
                <![CDATA[yuvan]]>
              </value>
            </param>
            <param index="2">
              <value>
                <![CDATA[1234]]>
              </value>
            </param>
            <param index="3">
              <value>
                <![CDATA[5678]]>
              </value>
            </param>
          </params>
          <reporter-output>
          </reporter-output>
        </test-method> <!-- testCase1 -->
        <test-method status="PASS" signature="endTime()[pri:0, instance:org.cts.dataprovider.Sample@16d4b5c]" name="endTime" is-config="true" duration-ms="1" started-at="2020-02-05T11:20:52Z" finished-at="2020-02-05T11:20:52Z">
          <reporter-output>
          </reporter-output>
        </test-method> <!-- endTime -->
        <test-method status="PASS" signature="startTime()[pri:0, instance:org.cts.dataprovider.Sample@16d4b5c]" name="startTime" is-config="true" duration-ms="1" started-at="2020-02-05T11:20:52Z" finished-at="2020-02-05T11:20:52Z">
          <reporter-output>
          </reporter-output>
        </test-method> <!-- startTime -->
        <test-method status="PASS" signature="testCase1(java.lang.String, java.lang.String, java.lang.String, java.lang.String)[pri:0, instance:org.cts.dataprovider.Sample@16d4b5c]" name="testCase1" duration-ms="16454" started-at="2020-02-05T11:20:52Z" data-provider="Anand" finished-at="2020-02-05T11:21:08Z">
          <params>
            <param index="0">
              <value>
                <![CDATA[arun]]>
              </value>
            </param>
            <param index="1">
              <value>
                <![CDATA[4455]]>
              </value>
            </param>
            <param index="2">
              <value>
                <![CDATA[hello]]>
              </value>
            </param>
            <param index="3">
              <value>
                <![CDATA[Java]]>
              </value>
            </param>
          </params>
          <reporter-output>
          </reporter-output>
        </test-method> <!-- testCase1 -->
        <test-method status="PASS" signature="endTime()[pri:0, instance:org.cts.dataprovider.Sample@16d4b5c]" name="endTime" is-config="true" duration-ms="1" started-at="2020-02-05T11:21:08Z" finished-at="2020-02-05T11:21:08Z">
          <reporter-output>
          </reporter-output>
        </test-method> <!-- endTime -->
        <test-method status="PASS" signature="quit()[pri:0, instance:org.cts.dataprovider.Sample@16d4b5c]" name="quit" is-config="true" duration-ms="953" started-at="2020-02-05T11:21:08Z" finished-at="2020-02-05T11:21:09Z">
          <reporter-output>
          </reporter-output>
        </test-method> <!-- quit -->
      </class> <!-- org.cts.dataprovider.Sample -->
    </test> <!-- Default test -->
  </suite> <!-- Default suite -->
</testng-results>
